ERROR - 2021-11-26 06:15:42 --> Error connecting to the database: Access denied for user ''@'localhost' (using password: NO)
CRITICAL - 2021-11-26 06:15:42 --> Unable to connect to the database.
Main connection [MySQLi]: Access denied for user ''@'localhost' (using password: NO)
#0 D:\xampp\htdocs\coba\vendor\codeigniter4\framework\system\Database\BaseConnection.php(577): CodeIgniter\Database\BaseConnection->initialize()
#1 D:\xampp\htdocs\coba\vendor\codeigniter4\framework\system\Database\BaseBuilder.php(1527): CodeIgniter\Database\BaseConnection->query('SELECT COUNT(*)...', Array, false)
#2 D:\xampp\htdocs\coba\vendor\codeigniter4\framework\system\Model.php(509): CodeIgniter\Database\BaseBuilder->countAllResults(false)
#3 D:\xampp\htdocs\coba\vendor\codeigniter4\framework\system\BaseModel.php(1084): CodeIgniter\Model->countAllResults(false)
#4 D:\xampp\htdocs\coba\app\Controllers\Lapor.php(32): CodeIgniter\BaseModel->paginate(5, 'lapor')
#5 D:\xampp\htdocs\coba\vendor\codeigniter4\framework\system\CodeIgniter.php(824): App\Controllers\Lapor->index()
#6 D:\xampp\htdocs\coba\vendor\codeigniter4\framework\system\CodeIgniter.php(410): CodeIgniter\CodeIgniter->runController(Object(App\Controllers\Lapor))
#7 D:\xampp\htdocs\coba\vendor\codeigniter4\framework\system\CodeIgniter.php(318): CodeIgniter\CodeIgniter->handleRequest(NULL, Object(Config\Cache), false)
#8 D:\xampp\htdocs\coba\public\index.php(37): CodeIgniter\CodeIgniter->run()
#9 {main}
ERROR - 2021-11-26 06:17:15 --> Error connecting to the database: Access denied for user ''@'localhost' (using password: NO)
CRITICAL - 2021-11-26 06:17:15 --> Unable to connect to the database.
Main connection [MySQLi]: Access denied for user ''@'localhost' (using password: NO)
#0 D:\xampp\htdocs\coba\vendor\codeigniter4\framework\system\Database\BaseConnection.php(577): CodeIgniter\Database\BaseConnection->initialize()
#1 D:\xampp\htdocs\coba\vendor\codeigniter4\framework\system\Database\BaseBuilder.php(1527): CodeIgniter\Database\BaseConnection->query('SELECT COUNT(*)...', Array, false)
#2 D:\xampp\htdocs\coba\vendor\codeigniter4\framework\system\Model.php(509): CodeIgniter\Database\BaseBuilder->countAllResults(false)
#3 D:\xampp\htdocs\coba\vendor\codeigniter4\framework\system\BaseModel.php(1084): CodeIgniter\Model->countAllResults(false)
#4 D:\xampp\htdocs\coba\app\Controllers\Lapor.php(32): CodeIgniter\BaseModel->paginate(5, 'lapor')
#5 D:\xampp\htdocs\coba\vendor\codeigniter4\framework\system\CodeIgniter.php(824): App\Controllers\Lapor->index()
#6 D:\xampp\htdocs\coba\vendor\codeigniter4\framework\system\CodeIgniter.php(410): CodeIgniter\CodeIgniter->runController(Object(App\Controllers\Lapor))
#7 D:\xampp\htdocs\coba\vendor\codeigniter4\framework\system\CodeIgniter.php(318): CodeIgniter\CodeIgniter->handleRequest(NULL, Object(Config\Cache), false)
#8 D:\xampp\htdocs\coba\public\index.php(37): CodeIgniter\CodeIgniter->run()
#9 {main}
ERROR - 2021-11-26 06:28:01 --> Error connecting to the database: Access denied for user ''@'localhost' (using password: NO)
CRITICAL - 2021-11-26 06:28:01 --> Unable to connect to the database.
Main connection [MySQLi]: Access denied for user ''@'localhost' (using password: NO)
#0 D:\xampp\htdocs\coba\vendor\codeigniter4\framework\system\Database\BaseConnection.php(577): CodeIgniter\Database\BaseConnection->initialize()
#1 D:\xampp\htdocs\coba\vendor\codeigniter4\framework\system\Database\BaseBuilder.php(1527): CodeIgniter\Database\BaseConnection->query('SELECT COUNT(*)...', Array, false)
#2 D:\xampp\htdocs\coba\vendor\codeigniter4\framework\system\Model.php(509): CodeIgniter\Database\BaseBuilder->countAllResults(false)
#3 D:\xampp\htdocs\coba\vendor\codeigniter4\framework\system\BaseModel.php(1084): CodeIgniter\Model->countAllResults(false)
#4 D:\xampp\htdocs\coba\app\Controllers\Lapor.php(32): CodeIgniter\BaseModel->paginate(5, 'lapor')
#5 D:\xampp\htdocs\coba\vendor\codeigniter4\framework\system\CodeIgniter.php(824): App\Controllers\Lapor->index()
#6 D:\xampp\htdocs\coba\vendor\codeigniter4\framework\system\CodeIgniter.php(410): CodeIgniter\CodeIgniter->runController(Object(App\Controllers\Lapor))
#7 D:\xampp\htdocs\coba\vendor\codeigniter4\framework\system\CodeIgniter.php(318): CodeIgniter\CodeIgniter->handleRequest(NULL, Object(Config\Cache), false)
#8 D:\xampp\htdocs\coba\public\index.php(37): CodeIgniter\CodeIgniter->run()
#9 {main}
ERROR - 2021-11-26 06:33:53 --> Error connecting to the database: Access denied for user ''@'localhost' (using password: NO)
CRITICAL - 2021-11-26 06:33:53 --> Unable to connect to the database.
Main connection [MySQLi]: Access denied for user ''@'localhost' (using password: NO)
#0 D:\xampp\htdocs\coba\vendor\codeigniter4\framework\system\Database\BaseConnection.php(577): CodeIgniter\Database\BaseConnection->initialize()
#1 D:\xampp\htdocs\coba\vendor\codeigniter4\framework\system\Database\BaseBuilder.php(1527): CodeIgniter\Database\BaseConnection->query('SELECT COUNT(*)...', Array, false)
#2 D:\xampp\htdocs\coba\vendor\codeigniter4\framework\system\Model.php(509): CodeIgniter\Database\BaseBuilder->countAllResults(false)
#3 D:\xampp\htdocs\coba\vendor\codeigniter4\framework\system\BaseModel.php(1084): CodeIgniter\Model->countAllResults(false)
#4 D:\xampp\htdocs\coba\app\Controllers\Lapor.php(32): CodeIgniter\BaseModel->paginate(5, 'lapor')
#5 D:\xampp\htdocs\coba\vendor\codeigniter4\framework\system\CodeIgniter.php(824): App\Controllers\Lapor->index()
#6 D:\xampp\htdocs\coba\vendor\codeigniter4\framework\system\CodeIgniter.php(410): CodeIgniter\CodeIgniter->runController(Object(App\Controllers\Lapor))
#7 D:\xampp\htdocs\coba\vendor\codeigniter4\framework\system\CodeIgniter.php(318): CodeIgniter\CodeIgniter->handleRequest(NULL, Object(Config\Cache), false)
#8 D:\xampp\htdocs\coba\public\index.php(37): CodeIgniter\CodeIgniter->run()
#9 {main}
ERROR - 2021-11-26 06:50:02 --> Error connecting to the database: Access denied for user ''@'localhost' (using password: NO)
CRITICAL - 2021-11-26 06:50:02 --> Unable to connect to the database.
Main connection [MySQLi]: Access denied for user ''@'localhost' (using password: NO)
#0 D:\xampp\htdocs\coba\vendor\codeigniter4\framework\system\Database\BaseConnection.php(577): CodeIgniter\Database\BaseConnection->initialize()
#1 D:\xampp\htdocs\coba\vendor\codeigniter4\framework\system\Database\BaseBuilder.php(1527): CodeIgniter\Database\BaseConnection->query('SELECT COUNT(*)...', Array, false)
#2 D:\xampp\htdocs\coba\vendor\codeigniter4\framework\system\Model.php(509): CodeIgniter\Database\BaseBuilder->countAllResults(false)
#3 D:\xampp\htdocs\coba\vendor\codeigniter4\framework\system\BaseModel.php(1084): CodeIgniter\Model->countAllResults(false)
#4 D:\xampp\htdocs\coba\app\Controllers\Lapor.php(32): CodeIgniter\BaseModel->paginate(5, 'lapor')
#5 D:\xampp\htdocs\coba\vendor\codeigniter4\framework\system\CodeIgniter.php(824): App\Controllers\Lapor->index()
#6 D:\xampp\htdocs\coba\vendor\codeigniter4\framework\system\CodeIgniter.php(410): CodeIgniter\CodeIgniter->runController(Object(App\Controllers\Lapor))
#7 D:\xampp\htdocs\coba\vendor\codeigniter4\framework\system\CodeIgniter.php(318): CodeIgniter\CodeIgniter->handleRequest(NULL, Object(Config\Cache), false)
#8 D:\xampp\htdocs\coba\public\index.php(37): CodeIgniter\CodeIgniter->run()
#9 {main}
ERROR - 2021-11-26 06:57:32 --> Error connecting to the database: Unknown database 'tubesweb'
CRITICAL - 2021-11-26 06:57:32 --> Unable to connect to the database.
Main connection [MySQLi]: Unknown database 'tubesweb'
#0 D:\xampp\htdocs\coba\vendor\codeigniter4\framework\system\Database\BaseConnection.php(577): CodeIgniter\Database\BaseConnection->initialize()
#1 D:\xampp\htdocs\coba\vendor\codeigniter4\framework\system\Database\BaseBuilder.php(1527): CodeIgniter\Database\BaseConnection->query('SELECT COUNT(*)...', Array, false)
#2 D:\xampp\htdocs\coba\vendor\codeigniter4\framework\system\Model.php(509): CodeIgniter\Database\BaseBuilder->countAllResults(false)
#3 D:\xampp\htdocs\coba\vendor\codeigniter4\framework\system\BaseModel.php(1084): CodeIgniter\Model->countAllResults(false)
#4 D:\xampp\htdocs\coba\app\Controllers\Lapor.php(32): CodeIgniter\BaseModel->paginate(5, 'lapor')
#5 D:\xampp\htdocs\coba\vendor\codeigniter4\framework\system\CodeIgniter.php(824): App\Controllers\Lapor->index()
#6 D:\xampp\htdocs\coba\vendor\codeigniter4\framework\system\CodeIgniter.php(410): CodeIgniter\CodeIgniter->runController(Object(App\Controllers\Lapor))
#7 D:\xampp\htdocs\coba\vendor\codeigniter4\framework\system\CodeIgniter.php(318): CodeIgniter\CodeIgniter->handleRequest(NULL, Object(Config\Cache), false)
#8 D:\xampp\htdocs\coba\public\index.php(37): CodeIgniter\CodeIgniter->run()
#9 {main}
ERROR - 2021-11-26 06:57:33 --> Error connecting to the database: Unknown database 'tubesweb'
CRITICAL - 2021-11-26 06:57:33 --> Unable to connect to the database.
Main connection [MySQLi]: Unknown database 'tubesweb'
#0 D:\xampp\htdocs\coba\vendor\codeigniter4\framework\system\Database\BaseConnection.php(577): CodeIgniter\Database\BaseConnection->initialize()
#1 D:\xampp\htdocs\coba\vendor\codeigniter4\framework\system\Database\BaseBuilder.php(1527): CodeIgniter\Database\BaseConnection->query('SELECT COUNT(*)...', Array, false)
#2 D:\xampp\htdocs\coba\vendor\codeigniter4\framework\system\Model.php(509): CodeIgniter\Database\BaseBuilder->countAllResults(false)
#3 D:\xampp\htdocs\coba\vendor\codeigniter4\framework\system\BaseModel.php(1084): CodeIgniter\Model->countAllResults(false)
#4 D:\xampp\htdocs\coba\app\Controllers\Lapor.php(32): CodeIgniter\BaseModel->paginate(5, 'lapor')
#5 D:\xampp\htdocs\coba\vendor\codeigniter4\framework\system\CodeIgniter.php(824): App\Controllers\Lapor->index()
#6 D:\xampp\htdocs\coba\vendor\codeigniter4\framework\system\CodeIgniter.php(410): CodeIgniter\CodeIgniter->runController(Object(App\Controllers\Lapor))
#7 D:\xampp\htdocs\coba\vendor\codeigniter4\framework\system\CodeIgniter.php(318): CodeIgniter\CodeIgniter->handleRequest(NULL, Object(Config\Cache), false)
#8 D:\xampp\htdocs\coba\public\index.php(37): CodeIgniter\CodeIgniter->run()
#9 {main}
ERROR - 2021-11-26 06:57:34 --> Error connecting to the database: Unknown database 'tubesweb'
CRITICAL - 2021-11-26 06:57:34 --> Unable to connect to the database.
Main connection [MySQLi]: Unknown database 'tubesweb'
#0 D:\xampp\htdocs\coba\vendor\codeigniter4\framework\system\Database\BaseConnection.php(577): CodeIgniter\Database\BaseConnection->initialize()
#1 D:\xampp\htdocs\coba\vendor\codeigniter4\framework\system\Database\BaseBuilder.php(1527): CodeIgniter\Database\BaseConnection->query('SELECT COUNT(*)...', Array, false)
#2 D:\xampp\htdocs\coba\vendor\codeigniter4\framework\system\Model.php(509): CodeIgniter\Database\BaseBuilder->countAllResults(false)
#3 D:\xampp\htdocs\coba\vendor\codeigniter4\framework\system\BaseModel.php(1084): CodeIgniter\Model->countAllResults(false)
#4 D:\xampp\htdocs\coba\app\Controllers\Lapor.php(32): CodeIgniter\BaseModel->paginate(5, 'lapor')
#5 D:\xampp\htdocs\coba\vendor\codeigniter4\framework\system\CodeIgniter.php(824): App\Controllers\Lapor->index()
#6 D:\xampp\htdocs\coba\vendor\codeigniter4\framework\system\CodeIgniter.php(410): CodeIgniter\CodeIgniter->runController(Object(App\Controllers\Lapor))
#7 D:\xampp\htdocs\coba\vendor\codeigniter4\framework\system\CodeIgniter.php(318): CodeIgniter\CodeIgniter->handleRequest(NULL, Object(Config\Cache), false)
#8 D:\xampp\htdocs\coba\public\index.php(37): CodeIgniter\CodeIgniter->run()
#9 {main}
ERROR - 2021-11-26 06:59:28 --> Table 'konosuba.laporan' doesn't exist
CRITICAL - 2021-11-26 06:59:28 --> Table 'konosuba.laporan' doesn't exist
#0 D:\xampp\htdocs\coba\vendor\codeigniter4\framework\system\Database\MySQLi\Connection.php(292): mysqli->query('SELECT COUNT(*)...', 0)
#1 D:\xampp\htdocs\coba\vendor\codeigniter4\framework\system\Database\BaseConnection.php(670): CodeIgniter\Database\MySQLi\Connection->execute('SELECT COUNT(*)...')
#2 D:\xampp\htdocs\coba\vendor\codeigniter4\framework\system\Database\BaseConnection.php(598): CodeIgniter\Database\BaseConnection->simpleQuery('SELECT COUNT(*)...')
#3 D:\xampp\htdocs\coba\vendor\codeigniter4\framework\system\Database\BaseBuilder.php(1527): CodeIgniter\Database\BaseConnection->query('SELECT COUNT(*)...', Array, false)
#4 D:\xampp\htdocs\coba\vendor\codeigniter4\framework\system\Model.php(509): CodeIgniter\Database\BaseBuilder->countAllResults(false)
#5 D:\xampp\htdocs\coba\vendor\codeigniter4\framework\system\BaseModel.php(1084): CodeIgniter\Model->countAllResults(false)
#6 D:\xampp\htdocs\coba\app\Controllers\Lapor.php(32): CodeIgniter\BaseModel->paginate(5, 'lapor')
#7 D:\xampp\htdocs\coba\vendor\codeigniter4\framework\system\CodeIgniter.php(824): App\Controllers\Lapor->index()
#8 D:\xampp\htdocs\coba\vendor\codeigniter4\framework\system\CodeIgniter.php(410): CodeIgniter\CodeIgniter->runController(Object(App\Controllers\Lapor))
#9 D:\xampp\htdocs\coba\vendor\codeigniter4\framework\system\CodeIgniter.php(318): CodeIgniter\CodeIgniter->handleRequest(NULL, Object(Config\Cache), false)
#10 D:\xampp\htdocs\coba\public\index.php(37): CodeIgniter\CodeIgniter->run()
#11 {main}
ERROR - 2021-11-26 07:09:05 --> Table 'konosuba.laporan' doesn't exist
CRITICAL - 2021-11-26 07:09:05 --> Table 'konosuba.laporan' doesn't exist
#0 D:\xampp\htdocs\coba\vendor\codeigniter4\framework\system\Database\MySQLi\Connection.php(292): mysqli->query('SELECT COUNT(*)...', 0)
#1 D:\xampp\htdocs\coba\vendor\codeigniter4\framework\system\Database\BaseConnection.php(670): CodeIgniter\Database\MySQLi\Connection->execute('SELECT COUNT(*)...')
#2 D:\xampp\htdocs\coba\vendor\codeigniter4\framework\system\Database\BaseConnection.php(598): CodeIgniter\Database\BaseConnection->simpleQuery('SELECT COUNT(*)...')
#3 D:\xampp\htdocs\coba\vendor\codeigniter4\framework\system\Database\BaseBuilder.php(1527): CodeIgniter\Database\BaseConnection->query('SELECT COUNT(*)...', Array, false)
#4 D:\xampp\htdocs\coba\vendor\codeigniter4\framework\system\Model.php(509): CodeIgniter\Database\BaseBuilder->countAllResults(false)
#5 D:\xampp\htdocs\coba\vendor\codeigniter4\framework\system\BaseModel.php(1084): CodeIgniter\Model->countAllResults(false)
#6 D:\xampp\htdocs\coba\app\Controllers\Lapor.php(32): CodeIgniter\BaseModel->paginate(5, 'lapor')
#7 D:\xampp\htdocs\coba\vendor\codeigniter4\framework\system\CodeIgniter.php(824): App\Controllers\Lapor->index()
#8 D:\xampp\htdocs\coba\vendor\codeigniter4\framework\system\CodeIgniter.php(410): CodeIgniter\CodeIgniter->runController(Object(App\Controllers\Lapor))
#9 D:\xampp\htdocs\coba\vendor\codeigniter4\framework\system\CodeIgniter.php(318): CodeIgniter\CodeIgniter->handleRequest(NULL, Object(Config\Cache), false)
#10 D:\xampp\htdocs\coba\public\index.php(37): CodeIgniter\CodeIgniter->run()
#11 {main}
ERROR - 2021-11-26 07:09:05 --> Table 'konosuba.laporan' doesn't exist
CRITICAL - 2021-11-26 07:09:05 --> Table 'konosuba.laporan' doesn't exist
#0 D:\xampp\htdocs\coba\vendor\codeigniter4\framework\system\Database\MySQLi\Connection.php(292): mysqli->query('SELECT COUNT(*)...', 0)
#1 D:\xampp\htdocs\coba\vendor\codeigniter4\framework\system\Database\BaseConnection.php(670): CodeIgniter\Database\MySQLi\Connection->execute('SELECT COUNT(*)...')
#2 D:\xampp\htdocs\coba\vendor\codeigniter4\framework\system\Database\BaseConnection.php(598): CodeIgniter\Database\BaseConnection->simpleQuery('SELECT COUNT(*)...')
#3 D:\xampp\htdocs\coba\vendor\codeigniter4\framework\system\Database\BaseBuilder.php(1527): CodeIgniter\Database\BaseConnection->query('SELECT COUNT(*)...', Array, false)
#4 D:\xampp\htdocs\coba\vendor\codeigniter4\framework\system\Model.php(509): CodeIgniter\Database\BaseBuilder->countAllResults(false)
#5 D:\xampp\htdocs\coba\vendor\codeigniter4\framework\system\BaseModel.php(1084): CodeIgniter\Model->countAllResults(false)
#6 D:\xampp\htdocs\coba\app\Controllers\Lapor.php(32): CodeIgniter\BaseModel->paginate(5, 'lapor')
#7 D:\xampp\htdocs\coba\vendor\codeigniter4\framework\system\CodeIgniter.php(824): App\Controllers\Lapor->index()
#8 D:\xampp\htdocs\coba\vendor\codeigniter4\framework\system\CodeIgniter.php(410): CodeIgniter\CodeIgniter->runController(Object(App\Controllers\Lapor))
#9 D:\xampp\htdocs\coba\vendor\codeigniter4\framework\system\CodeIgniter.php(318): CodeIgniter\CodeIgniter->handleRequest(NULL, Object(Config\Cache), false)
#10 D:\xampp\htdocs\coba\public\index.php(37): CodeIgniter\CodeIgniter->run()
#11 {main}
ERROR - 2021-11-26 07:09:06 --> Table 'konosuba.laporan' doesn't exist
CRITICAL - 2021-11-26 07:09:06 --> Table 'konosuba.laporan' doesn't exist
#0 D:\xampp\htdocs\coba\vendor\codeigniter4\framework\system\Database\MySQLi\Connection.php(292): mysqli->query('SELECT COUNT(*)...', 0)
#1 D:\xampp\htdocs\coba\vendor\codeigniter4\framework\system\Database\BaseConnection.php(670): CodeIgniter\Database\MySQLi\Connection->execute('SELECT COUNT(*)...')
#2 D:\xampp\htdocs\coba\vendor\codeigniter4\framework\system\Database\BaseConnection.php(598): CodeIgniter\Database\BaseConnection->simpleQuery('SELECT COUNT(*)...')
#3 D:\xampp\htdocs\coba\vendor\codeigniter4\framework\system\Database\BaseBuilder.php(1527): CodeIgniter\Database\BaseConnection->query('SELECT COUNT(*)...', Array, false)
#4 D:\xampp\htdocs\coba\vendor\codeigniter4\framework\system\Model.php(509): CodeIgniter\Database\BaseBuilder->countAllResults(false)
#5 D:\xampp\htdocs\coba\vendor\codeigniter4\framework\system\BaseModel.php(1084): CodeIgniter\Model->countAllResults(false)
#6 D:\xampp\htdocs\coba\app\Controllers\Lapor.php(32): CodeIgniter\BaseModel->paginate(5, 'lapor')
#7 D:\xampp\htdocs\coba\vendor\codeigniter4\framework\system\CodeIgniter.php(824): App\Controllers\Lapor->index()
#8 D:\xampp\htdocs\coba\vendor\codeigniter4\framework\system\CodeIgniter.php(410): CodeIgniter\CodeIgniter->runController(Object(App\Controllers\Lapor))
#9 D:\xampp\htdocs\coba\vendor\codeigniter4\framework\system\CodeIgniter.php(318): CodeIgniter\CodeIgniter->handleRequest(NULL, Object(Config\Cache), false)
#10 D:\xampp\htdocs\coba\public\index.php(37): CodeIgniter\CodeIgniter->run()
#11 {main}
ERROR - 2021-11-26 07:09:06 --> Table 'konosuba.laporan' doesn't exist
CRITICAL - 2021-11-26 07:09:06 --> Table 'konosuba.laporan' doesn't exist
#0 D:\xampp\htdocs\coba\vendor\codeigniter4\framework\system\Database\MySQLi\Connection.php(292): mysqli->query('SELECT COUNT(*)...', 0)
#1 D:\xampp\htdocs\coba\vendor\codeigniter4\framework\system\Database\BaseConnection.php(670): CodeIgniter\Database\MySQLi\Connection->execute('SELECT COUNT(*)...')
#2 D:\xampp\htdocs\coba\vendor\codeigniter4\framework\system\Database\BaseConnection.php(598): CodeIgniter\Database\BaseConnection->simpleQuery('SELECT COUNT(*)...')
#3 D:\xampp\htdocs\coba\vendor\codeigniter4\framework\system\Database\BaseBuilder.php(1527): CodeIgniter\Database\BaseConnection->query('SELECT COUNT(*)...', Array, false)
#4 D:\xampp\htdocs\coba\vendor\codeigniter4\framework\system\Model.php(509): CodeIgniter\Database\BaseBuilder->countAllResults(false)
#5 D:\xampp\htdocs\coba\vendor\codeigniter4\framework\system\BaseModel.php(1084): CodeIgniter\Model->countAllResults(false)
#6 D:\xampp\htdocs\coba\app\Controllers\Lapor.php(32): CodeIgniter\BaseModel->paginate(5, 'lapor')
#7 D:\xampp\htdocs\coba\vendor\codeigniter4\framework\system\CodeIgniter.php(824): App\Controllers\Lapor->index()
#8 D:\xampp\htdocs\coba\vendor\codeigniter4\framework\system\CodeIgniter.php(410): CodeIgniter\CodeIgniter->runController(Object(App\Controllers\Lapor))
#9 D:\xampp\htdocs\coba\vendor\codeigniter4\framework\system\CodeIgniter.php(318): CodeIgniter\CodeIgniter->handleRequest(NULL, Object(Config\Cache), false)
#10 D:\xampp\htdocs\coba\public\index.php(37): CodeIgniter\CodeIgniter->run()
#11 {main}
CRITICAL - 2021-11-26 07:12:31 --> lapor_pagination is not a valid Pager template.
#0 D:\xampp\htdocs\coba\vendor\codeigniter4\framework\system\Pager\Pager.php(120): CodeIgniter\Pager\Exceptions\PagerException::forInvalidTemplate('lapor_paginatio...')
#1 D:\xampp\htdocs\coba\vendor\codeigniter4\framework\system\Pager\Pager.php(83): CodeIgniter\Pager\Pager->displayLinks('lapor', 'lapor_paginatio...')
#2 D:\xampp\htdocs\coba\app\Views\lapor\index.php(42): CodeIgniter\Pager\Pager->links('lapor', 'lapor_paginatio...')
#3 D:\xampp\htdocs\coba\vendor\codeigniter4\framework\system\View\View.php(214): include('D:\\xampp\\htdocs...')
#4 D:\xampp\htdocs\coba\vendor\codeigniter4\framework\system\View\View.php(217): CodeIgniter\View\View->CodeIgniter\View\{closure}()
#5 D:\xampp\htdocs\coba\vendor\codeigniter4\framework\system\Common.php(1097): CodeIgniter\View\View->render('lapor/index', Array, true)
#6 D:\xampp\htdocs\coba\app\Controllers\Lapor.php(45): view('lapor/index', Array)
#7 D:\xampp\htdocs\coba\vendor\codeigniter4\framework\system\CodeIgniter.php(824): App\Controllers\Lapor->index()
#8 D:\xampp\htdocs\coba\vendor\codeigniter4\framework\system\CodeIgniter.php(410): CodeIgniter\CodeIgniter->runController(Object(App\Controllers\Lapor))
#9 D:\xampp\htdocs\coba\vendor\codeigniter4\framework\system\CodeIgniter.php(318): CodeIgniter\CodeIgniter->handleRequest(NULL, Object(Config\Cache), false)
#10 D:\xampp\htdocs\coba\public\index.php(37): CodeIgniter\CodeIgniter->run()
#11 {main}
CRITICAL - 2021-11-26 07:14:37 --> lapor_pagination is not a valid Pager template.
#0 D:\xampp\htdocs\coba\vendor\codeigniter4\framework\system\Pager\Pager.php(120): CodeIgniter\Pager\Exceptions\PagerException::forInvalidTemplate('lapor_paginatio...')
#1 D:\xampp\htdocs\coba\vendor\codeigniter4\framework\system\Pager\Pager.php(83): CodeIgniter\Pager\Pager->displayLinks('lapor', 'lapor_paginatio...')
#2 D:\xampp\htdocs\coba\app\Views\lapor\index.php(42): CodeIgniter\Pager\Pager->links('lapor', 'lapor_paginatio...')
#3 D:\xampp\htdocs\coba\vendor\codeigniter4\framework\system\View\View.php(214): include('D:\\xampp\\htdocs...')
#4 D:\xampp\htdocs\coba\vendor\codeigniter4\framework\system\View\View.php(217): CodeIgniter\View\View->CodeIgniter\View\{closure}()
#5 D:\xampp\htdocs\coba\vendor\codeigniter4\framework\system\Common.php(1097): CodeIgniter\View\View->render('lapor/index', Array, true)
#6 D:\xampp\htdocs\coba\app\Controllers\Lapor.php(45): view('lapor/index', Array)
#7 D:\xampp\htdocs\coba\vendor\codeigniter4\framework\system\CodeIgniter.php(824): App\Controllers\Lapor->index()
#8 D:\xampp\htdocs\coba\vendor\codeigniter4\framework\system\CodeIgniter.php(410): CodeIgniter\CodeIgniter->runController(Object(App\Controllers\Lapor))
#9 D:\xampp\htdocs\coba\vendor\codeigniter4\framework\system\CodeIgniter.php(318): CodeIgniter\CodeIgniter->handleRequest(NULL, Object(Config\Cache), false)
#10 D:\xampp\htdocs\coba\public\index.php(37): CodeIgniter\CodeIgniter->run()
#11 {main}
CRITICAL - 2021-11-26 07:14:38 --> lapor_pagination is not a valid Pager template.
#0 D:\xampp\htdocs\coba\vendor\codeigniter4\framework\system\Pager\Pager.php(120): CodeIgniter\Pager\Exceptions\PagerException::forInvalidTemplate('lapor_paginatio...')
#1 D:\xampp\htdocs\coba\vendor\codeigniter4\framework\system\Pager\Pager.php(83): CodeIgniter\Pager\Pager->displayLinks('lapor', 'lapor_paginatio...')
#2 D:\xampp\htdocs\coba\app\Views\lapor\index.php(42): CodeIgniter\Pager\Pager->links('lapor', 'lapor_paginatio...')
#3 D:\xampp\htdocs\coba\vendor\codeigniter4\framework\system\View\View.php(214): include('D:\\xampp\\htdocs...')
#4 D:\xampp\htdocs\coba\vendor\codeigniter4\framework\system\View\View.php(217): CodeIgniter\View\View->CodeIgniter\View\{closure}()
#5 D:\xampp\htdocs\coba\vendor\codeigniter4\framework\system\Common.php(1097): CodeIgniter\View\View->render('lapor/index', Array, true)
#6 D:\xampp\htdocs\coba\app\Controllers\Lapor.php(45): view('lapor/index', Array)
#7 D:\xampp\htdocs\coba\vendor\codeigniter4\framework\system\CodeIgniter.php(824): App\Controllers\Lapor->index()
#8 D:\xampp\htdocs\coba\vendor\codeigniter4\framework\system\CodeIgniter.php(410): CodeIgniter\CodeIgniter->runController(Object(App\Controllers\Lapor))
#9 D:\xampp\htdocs\coba\vendor\codeigniter4\framework\system\CodeIgniter.php(318): CodeIgniter\CodeIgniter->handleRequest(NULL, Object(Config\Cache), false)
#10 D:\xampp\htdocs\coba\public\index.php(37): CodeIgniter\CodeIgniter->run()
#11 {main}
CRITICAL - 2021-11-26 07:14:39 --> lapor_pagination is not a valid Pager template.
#0 D:\xampp\htdocs\coba\vendor\codeigniter4\framework\system\Pager\Pager.php(120): CodeIgniter\Pager\Exceptions\PagerException::forInvalidTemplate('lapor_paginatio...')
#1 D:\xampp\htdocs\coba\vendor\codeigniter4\framework\system\Pager\Pager.php(83): CodeIgniter\Pager\Pager->displayLinks('lapor', 'lapor_paginatio...')
#2 D:\xampp\htdocs\coba\app\Views\lapor\index.php(42): CodeIgniter\Pager\Pager->links('lapor', 'lapor_paginatio...')
#3 D:\xampp\htdocs\coba\vendor\codeigniter4\framework\system\View\View.php(214): include('D:\\xampp\\htdocs...')
#4 D:\xampp\htdocs\coba\vendor\codeigniter4\framework\system\View\View.php(217): CodeIgniter\View\View->CodeIgniter\View\{closure}()
#5 D:\xampp\htdocs\coba\vendor\codeigniter4\framework\system\Common.php(1097): CodeIgniter\View\View->render('lapor/index', Array, true)
#6 D:\xampp\htdocs\coba\app\Controllers\Lapor.php(45): view('lapor/index', Array)
#7 D:\xampp\htdocs\coba\vendor\codeigniter4\framework\system\CodeIgniter.php(824): App\Controllers\Lapor->index()
#8 D:\xampp\htdocs\coba\vendor\codeigniter4\framework\system\CodeIgniter.php(410): CodeIgniter\CodeIgniter->runController(Object(App\Controllers\Lapor))
#9 D:\xampp\htdocs\coba\vendor\codeigniter4\framework\system\CodeIgniter.php(318): CodeIgniter\CodeIgniter->handleRequest(NULL, Object(Config\Cache), false)
#10 D:\xampp\htdocs\coba\public\index.php(37): CodeIgniter\CodeIgniter->run()
#11 {main}
CRITICAL - 2021-11-26 07:14:39 --> lapor_pagination is not a valid Pager template.
#0 D:\xampp\htdocs\coba\vendor\codeigniter4\framework\system\Pager\Pager.php(120): CodeIgniter\Pager\Exceptions\PagerException::forInvalidTemplate('lapor_paginatio...')
#1 D:\xampp\htdocs\coba\vendor\codeigniter4\framework\system\Pager\Pager.php(83): CodeIgniter\Pager\Pager->displayLinks('lapor', 'lapor_paginatio...')
#2 D:\xampp\htdocs\coba\app\Views\lapor\index.php(42): CodeIgniter\Pager\Pager->links('lapor', 'lapor_paginatio...')
#3 D:\xampp\htdocs\coba\vendor\codeigniter4\framework\system\View\View.php(214): include('D:\\xampp\\htdocs...')
#4 D:\xampp\htdocs\coba\vendor\codeigniter4\framework\system\View\View.php(217): CodeIgniter\View\View->CodeIgniter\View\{closure}()
#5 D:\xampp\htdocs\coba\vendor\codeigniter4\framework\system\Common.php(1097): CodeIgniter\View\View->render('lapor/index', Array, true)
#6 D:\xampp\htdocs\coba\app\Controllers\Lapor.php(45): view('lapor/index', Array)
#7 D:\xampp\htdocs\coba\vendor\codeigniter4\framework\system\CodeIgniter.php(824): App\Controllers\Lapor->index()
#8 D:\xampp\htdocs\coba\vendor\codeigniter4\framework\system\CodeIgniter.php(410): CodeIgniter\CodeIgniter->runController(Object(App\Controllers\Lapor))
#9 D:\xampp\htdocs\coba\vendor\codeigniter4\framework\system\CodeIgniter.php(318): CodeIgniter\CodeIgniter->handleRequest(NULL, Object(Config\Cache), false)
#10 D:\xampp\htdocs\coba\public\index.php(37): CodeIgniter\CodeIgniter->run()
#11 {main}
CRITICAL - 2021-11-26 07:14:39 --> lapor_pagination is not a valid Pager template.
#0 D:\xampp\htdocs\coba\vendor\codeigniter4\framework\system\Pager\Pager.php(120): CodeIgniter\Pager\Exceptions\PagerException::forInvalidTemplate('lapor_paginatio...')
#1 D:\xampp\htdocs\coba\vendor\codeigniter4\framework\system\Pager\Pager.php(83): CodeIgniter\Pager\Pager->displayLinks('lapor', 'lapor_paginatio...')
#2 D:\xampp\htdocs\coba\app\Views\lapor\index.php(42): CodeIgniter\Pager\Pager->links('lapor', 'lapor_paginatio...')
#3 D:\xampp\htdocs\coba\vendor\codeigniter4\framework\system\View\View.php(214): include('D:\\xampp\\htdocs...')
#4 D:\xampp\htdocs\coba\vendor\codeigniter4\framework\system\View\View.php(217): CodeIgniter\View\View->CodeIgniter\View\{closure}()
#5 D:\xampp\htdocs\coba\vendor\codeigniter4\framework\system\Common.php(1097): CodeIgniter\View\View->render('lapor/index', Array, true)
#6 D:\xampp\htdocs\coba\app\Controllers\Lapor.php(45): view('lapor/index', Array)
#7 D:\xampp\htdocs\coba\vendor\codeigniter4\framework\system\CodeIgniter.php(824): App\Controllers\Lapor->index()
#8 D:\xampp\htdocs\coba\vendor\codeigniter4\framework\system\CodeIgniter.php(410): CodeIgniter\CodeIgniter->runController(Object(App\Controllers\Lapor))
#9 D:\xampp\htdocs\coba\vendor\codeigniter4\framework\system\CodeIgniter.php(318): CodeIgniter\CodeIgniter->handleRequest(NULL, Object(Config\Cache), false)
#10 D:\xampp\htdocs\coba\public\index.php(37): CodeIgniter\CodeIgniter->run()
#11 {main}
CRITICAL - 2021-11-26 07:14:39 --> lapor_pagination is not a valid Pager template.
#0 D:\xampp\htdocs\coba\vendor\codeigniter4\framework\system\Pager\Pager.php(120): CodeIgniter\Pager\Exceptions\PagerException::forInvalidTemplate('lapor_paginatio...')
#1 D:\xampp\htdocs\coba\vendor\codeigniter4\framework\system\Pager\Pager.php(83): CodeIgniter\Pager\Pager->displayLinks('lapor', 'lapor_paginatio...')
#2 D:\xampp\htdocs\coba\app\Views\lapor\index.php(42): CodeIgniter\Pager\Pager->links('lapor', 'lapor_paginatio...')
#3 D:\xampp\htdocs\coba\vendor\codeigniter4\framework\system\View\View.php(214): include('D:\\xampp\\htdocs...')
#4 D:\xampp\htdocs\coba\vendor\codeigniter4\framework\system\View\View.php(217): CodeIgniter\View\View->CodeIgniter\View\{closure}()
#5 D:\xampp\htdocs\coba\vendor\codeigniter4\framework\system\Common.php(1097): CodeIgniter\View\View->render('lapor/index', Array, true)
#6 D:\xampp\htdocs\coba\app\Controllers\Lapor.php(45): view('lapor/index', Array)
#7 D:\xampp\htdocs\coba\vendor\codeigniter4\framework\system\CodeIgniter.php(824): App\Controllers\Lapor->index()
#8 D:\xampp\htdocs\coba\vendor\codeigniter4\framework\system\CodeIgniter.php(410): CodeIgniter\CodeIgniter->runController(Object(App\Controllers\Lapor))
#9 D:\xampp\htdocs\coba\vendor\codeigniter4\framework\system\CodeIgniter.php(318): CodeIgniter\CodeIgniter->handleRequest(NULL, Object(Config\Cache), false)
#10 D:\xampp\htdocs\coba\public\index.php(37): CodeIgniter\CodeIgniter->run()
#11 {main}
CRITICAL - 2021-11-26 07:14:39 --> lapor_pagination is not a valid Pager template.
#0 D:\xampp\htdocs\coba\vendor\codeigniter4\framework\system\Pager\Pager.php(120): CodeIgniter\Pager\Exceptions\PagerException::forInvalidTemplate('lapor_paginatio...')
#1 D:\xampp\htdocs\coba\vendor\codeigniter4\framework\system\Pager\Pager.php(83): CodeIgniter\Pager\Pager->displayLinks('lapor', 'lapor_paginatio...')
#2 D:\xampp\htdocs\coba\app\Views\lapor\index.php(42): CodeIgniter\Pager\Pager->links('lapor', 'lapor_paginatio...')
#3 D:\xampp\htdocs\coba\vendor\codeigniter4\framework\system\View\View.php(214): include('D:\\xampp\\htdocs...')
#4 D:\xampp\htdocs\coba\vendor\codeigniter4\framework\system\View\View.php(217): CodeIgniter\View\View->CodeIgniter\View\{closure}()
#5 D:\xampp\htdocs\coba\vendor\codeigniter4\framework\system\Common.php(1097): CodeIgniter\View\View->render('lapor/index', Array, true)
#6 D:\xampp\htdocs\coba\app\Controllers\Lapor.php(45): view('lapor/index', Array)
#7 D:\xampp\htdocs\coba\vendor\codeigniter4\framework\system\CodeIgniter.php(824): App\Controllers\Lapor->index()
#8 D:\xampp\htdocs\coba\vendor\codeigniter4\framework\system\CodeIgniter.php(410): CodeIgniter\CodeIgniter->runController(Object(App\Controllers\Lapor))
#9 D:\xampp\htdocs\coba\vendor\codeigniter4\framework\system\CodeIgniter.php(318): CodeIgniter\CodeIgniter->handleRequest(NULL, Object(Config\Cache), false)
#10 D:\xampp\htdocs\coba\public\index.php(37): CodeIgniter\CodeIgniter->run()
#11 {main}
CRITICAL - 2021-11-26 07:14:40 --> lapor_pagination is not a valid Pager template.
#0 D:\xampp\htdocs\coba\vendor\codeigniter4\framework\system\Pager\Pager.php(120): CodeIgniter\Pager\Exceptions\PagerException::forInvalidTemplate('lapor_paginatio...')
#1 D:\xampp\htdocs\coba\vendor\codeigniter4\framework\system\Pager\Pager.php(83): CodeIgniter\Pager\Pager->displayLinks('lapor', 'lapor_paginatio...')
#2 D:\xampp\htdocs\coba\app\Views\lapor\index.php(42): CodeIgniter\Pager\Pager->links('lapor', 'lapor_paginatio...')
#3 D:\xampp\htdocs\coba\vendor\codeigniter4\framework\system\View\View.php(214): include('D:\\xampp\\htdocs...')
#4 D:\xampp\htdocs\coba\vendor\codeigniter4\framework\system\View\View.php(217): CodeIgniter\View\View->CodeIgniter\View\{closure}()
#5 D:\xampp\htdocs\coba\vendor\codeigniter4\framework\system\Common.php(1097): CodeIgniter\View\View->render('lapor/index', Array, true)
#6 D:\xampp\htdocs\coba\app\Controllers\Lapor.php(45): view('lapor/index', Array)
#7 D:\xampp\htdocs\coba\vendor\codeigniter4\framework\system\CodeIgniter.php(824): App\Controllers\Lapor->index()
#8 D:\xampp\htdocs\coba\vendor\codeigniter4\framework\system\CodeIgniter.php(410): CodeIgniter\CodeIgniter->runController(Object(App\Controllers\Lapor))
#9 D:\xampp\htdocs\coba\vendor\codeigniter4\framework\system\CodeIgniter.php(318): CodeIgniter\CodeIgniter->handleRequest(NULL, Object(Config\Cache), false)
#10 D:\xampp\htdocs\coba\public\index.php(37): CodeIgniter\CodeIgniter->run()
#11 {main}
CRITICAL - 2021-11-26 07:14:40 --> lapor_pagination is not a valid Pager template.
#0 D:\xampp\htdocs\coba\vendor\codeigniter4\framework\system\Pager\Pager.php(120): CodeIgniter\Pager\Exceptions\PagerException::forInvalidTemplate('lapor_paginatio...')
#1 D:\xampp\htdocs\coba\vendor\codeigniter4\framework\system\Pager\Pager.php(83): CodeIgniter\Pager\Pager->displayLinks('lapor', 'lapor_paginatio...')
#2 D:\xampp\htdocs\coba\app\Views\lapor\index.php(42): CodeIgniter\Pager\Pager->links('lapor', 'lapor_paginatio...')
#3 D:\xampp\htdocs\coba\vendor\codeigniter4\framework\system\View\View.php(214): include('D:\\xampp\\htdocs...')
#4 D:\xampp\htdocs\coba\vendor\codeigniter4\framework\system\View\View.php(217): CodeIgniter\View\View->CodeIgniter\View\{closure}()
#5 D:\xampp\htdocs\coba\vendor\codeigniter4\framework\system\Common.php(1097): CodeIgniter\View\View->render('lapor/index', Array, true)
#6 D:\xampp\htdocs\coba\app\Controllers\Lapor.php(45): view('lapor/index', Array)
#7 D:\xampp\htdocs\coba\vendor\codeigniter4\framework\system\CodeIgniter.php(824): App\Controllers\Lapor->index()
#8 D:\xampp\htdocs\coba\vendor\codeigniter4\framework\system\CodeIgniter.php(410): CodeIgniter\CodeIgniter->runController(Object(App\Controllers\Lapor))
#9 D:\xampp\htdocs\coba\vendor\codeigniter4\framework\system\CodeIgniter.php(318): CodeIgniter\CodeIgniter->handleRequest(NULL, Object(Config\Cache), false)
#10 D:\xampp\htdocs\coba\public\index.php(37): CodeIgniter\CodeIgniter->run()
#11 {main}
CRITICAL - 2021-11-26 07:14:40 --> lapor_pagination is not a valid Pager template.
#0 D:\xampp\htdocs\coba\vendor\codeigniter4\framework\system\Pager\Pager.php(120): CodeIgniter\Pager\Exceptions\PagerException::forInvalidTemplate('lapor_paginatio...')
#1 D:\xampp\htdocs\coba\vendor\codeigniter4\framework\system\Pager\Pager.php(83): CodeIgniter\Pager\Pager->displayLinks('lapor', 'lapor_paginatio...')
#2 D:\xampp\htdocs\coba\app\Views\lapor\index.php(42): CodeIgniter\Pager\Pager->links('lapor', 'lapor_paginatio...')
#3 D:\xampp\htdocs\coba\vendor\codeigniter4\framework\system\View\View.php(214): include('D:\\xampp\\htdocs...')
#4 D:\xampp\htdocs\coba\vendor\codeigniter4\framework\system\View\View.php(217): CodeIgniter\View\View->CodeIgniter\View\{closure}()
#5 D:\xampp\htdocs\coba\vendor\codeigniter4\framework\system\Common.php(1097): CodeIgniter\View\View->render('lapor/index', Array, true)
#6 D:\xampp\htdocs\coba\app\Controllers\Lapor.php(45): view('lapor/index', Array)
#7 D:\xampp\htdocs\coba\vendor\codeigniter4\framework\system\CodeIgniter.php(824): App\Controllers\Lapor->index()
#8 D:\xampp\htdocs\coba\vendor\codeigniter4\framework\system\CodeIgniter.php(410): CodeIgniter\CodeIgniter->runController(Object(App\Controllers\Lapor))
#9 D:\xampp\htdocs\coba\vendor\codeigniter4\framework\system\CodeIgniter.php(318): CodeIgniter\CodeIgniter->handleRequest(NULL, Object(Config\Cache), false)
#10 D:\xampp\htdocs\coba\public\index.php(37): CodeIgniter\CodeIgniter->run()
#11 {main}
CRITICAL - 2021-11-26 07:14:40 --> lapor_pagination is not a valid Pager template.
#0 D:\xampp\htdocs\coba\vendor\codeigniter4\framework\system\Pager\Pager.php(120): CodeIgniter\Pager\Exceptions\PagerException::forInvalidTemplate('lapor_paginatio...')
#1 D:\xampp\htdocs\coba\vendor\codeigniter4\framework\system\Pager\Pager.php(83): CodeIgniter\Pager\Pager->displayLinks('lapor', 'lapor_paginatio...')
#2 D:\xampp\htdocs\coba\app\Views\lapor\index.php(42): CodeIgniter\Pager\Pager->links('lapor', 'lapor_paginatio...')
#3 D:\xampp\htdocs\coba\vendor\codeigniter4\framework\system\View\View.php(214): include('D:\\xampp\\htdocs...')
#4 D:\xampp\htdocs\coba\vendor\codeigniter4\framework\system\View\View.php(217): CodeIgniter\View\View->CodeIgniter\View\{closure}()
#5 D:\xampp\htdocs\coba\vendor\codeigniter4\framework\system\Common.php(1097): CodeIgniter\View\View->render('lapor/index', Array, true)
#6 D:\xampp\htdocs\coba\app\Controllers\Lapor.php(45): view('lapor/index', Array)
#7 D:\xampp\htdocs\coba\vendor\codeigniter4\framework\system\CodeIgniter.php(824): App\Controllers\Lapor->index()
#8 D:\xampp\htdocs\coba\vendor\codeigniter4\framework\system\CodeIgniter.php(410): CodeIgniter\CodeIgniter->runController(Object(App\Controllers\Lapor))
#9 D:\xampp\htdocs\coba\vendor\codeigniter4\framework\system\CodeIgniter.php(318): CodeIgniter\CodeIgniter->handleRequest(NULL, Object(Config\Cache), false)
#10 D:\xampp\htdocs\coba\public\index.php(37): CodeIgniter\CodeIgniter->run()
#11 {main}
CRITICAL - 2021-11-26 07:14:40 --> lapor_pagination is not a valid Pager template.
#0 D:\xampp\htdocs\coba\vendor\codeigniter4\framework\system\Pager\Pager.php(120): CodeIgniter\Pager\Exceptions\PagerException::forInvalidTemplate('lapor_paginatio...')
#1 D:\xampp\htdocs\coba\vendor\codeigniter4\framework\system\Pager\Pager.php(83): CodeIgniter\Pager\Pager->displayLinks('lapor', 'lapor_paginatio...')
#2 D:\xampp\htdocs\coba\app\Views\lapor\index.php(42): CodeIgniter\Pager\Pager->links('lapor', 'lapor_paginatio...')
#3 D:\xampp\htdocs\coba\vendor\codeigniter4\framework\system\View\View.php(214): include('D:\\xampp\\htdocs...')
#4 D:\xampp\htdocs\coba\vendor\codeigniter4\framework\system\View\View.php(217): CodeIgniter\View\View->CodeIgniter\View\{closure}()
#5 D:\xampp\htdocs\coba\vendor\codeigniter4\framework\system\Common.php(1097): CodeIgniter\View\View->render('lapor/index', Array, true)
#6 D:\xampp\htdocs\coba\app\Controllers\Lapor.php(45): view('lapor/index', Array)
#7 D:\xampp\htdocs\coba\vendor\codeigniter4\framework\system\CodeIgniter.php(824): App\Controllers\Lapor->index()
#8 D:\xampp\htdocs\coba\vendor\codeigniter4\framework\system\CodeIgniter.php(410): CodeIgniter\CodeIgniter->runController(Object(App\Controllers\Lapor))
#9 D:\xampp\htdocs\coba\vendor\codeigniter4\framework\system\CodeIgniter.php(318): CodeIgniter\CodeIgniter->handleRequest(NULL, Object(Config\Cache), false)
#10 D:\xampp\htdocs\coba\public\index.php(37): CodeIgniter\CodeIgniter->run()
#11 {main}
CRITICAL - 2021-11-26 07:14:40 --> lapor_pagination is not a valid Pager template.
#0 D:\xampp\htdocs\coba\vendor\codeigniter4\framework\system\Pager\Pager.php(120): CodeIgniter\Pager\Exceptions\PagerException::forInvalidTemplate('lapor_paginatio...')
#1 D:\xampp\htdocs\coba\vendor\codeigniter4\framework\system\Pager\Pager.php(83): CodeIgniter\Pager\Pager->displayLinks('lapor', 'lapor_paginatio...')
#2 D:\xampp\htdocs\coba\app\Views\lapor\index.php(42): CodeIgniter\Pager\Pager->links('lapor', 'lapor_paginatio...')
#3 D:\xampp\htdocs\coba\vendor\codeigniter4\framework\system\View\View.php(214): include('D:\\xampp\\htdocs...')
#4 D:\xampp\htdocs\coba\vendor\codeigniter4\framework\system\View\View.php(217): CodeIgniter\View\View->CodeIgniter\View\{closure}()
#5 D:\xampp\htdocs\coba\vendor\codeigniter4\framework\system\Common.php(1097): CodeIgniter\View\View->render('lapor/index', Array, true)
#6 D:\xampp\htdocs\coba\app\Controllers\Lapor.php(45): view('lapor/index', Array)
#7 D:\xampp\htdocs\coba\vendor\codeigniter4\framework\system\CodeIgniter.php(824): App\Controllers\Lapor->index()
#8 D:\xampp\htdocs\coba\vendor\codeigniter4\framework\system\CodeIgniter.php(410): CodeIgniter\CodeIgniter->runController(Object(App\Controllers\Lapor))
#9 D:\xampp\htdocs\coba\vendor\codeigniter4\framework\system\CodeIgniter.php(318): CodeIgniter\CodeIgniter->handleRequest(NULL, Object(Config\Cache), false)
#10 D:\xampp\htdocs\coba\public\index.php(37): CodeIgniter\CodeIgniter->run()
#11 {main}
CRITICAL - 2021-11-26 07:14:40 --> lapor_pagination is not a valid Pager template.
#0 D:\xampp\htdocs\coba\vendor\codeigniter4\framework\system\Pager\Pager.php(120): CodeIgniter\Pager\Exceptions\PagerException::forInvalidTemplate('lapor_paginatio...')
#1 D:\xampp\htdocs\coba\vendor\codeigniter4\framework\system\Pager\Pager.php(83): CodeIgniter\Pager\Pager->displayLinks('lapor', 'lapor_paginatio...')
#2 D:\xampp\htdocs\coba\app\Views\lapor\index.php(42): CodeIgniter\Pager\Pager->links('lapor', 'lapor_paginatio...')
#3 D:\xampp\htdocs\coba\vendor\codeigniter4\framework\system\View\View.php(214): include('D:\\xampp\\htdocs...')
#4 D:\xampp\htdocs\coba\vendor\codeigniter4\framework\system\View\View.php(217): CodeIgniter\View\View->CodeIgniter\View\{closure}()
#5 D:\xampp\htdocs\coba\vendor\codeigniter4\framework\system\Common.php(1097): CodeIgniter\View\View->render('lapor/index', Array, true)
#6 D:\xampp\htdocs\coba\app\Controllers\Lapor.php(45): view('lapor/index', Array)
#7 D:\xampp\htdocs\coba\vendor\codeigniter4\framework\system\CodeIgniter.php(824): App\Controllers\Lapor->index()
#8 D:\xampp\htdocs\coba\vendor\codeigniter4\framework\system\CodeIgniter.php(410): CodeIgniter\CodeIgniter->runController(Object(App\Controllers\Lapor))
#9 D:\xampp\htdocs\coba\vendor\codeigniter4\framework\system\CodeIgniter.php(318): CodeIgniter\CodeIgniter->handleRequest(NULL, Object(Config\Cache), false)
#10 D:\xampp\htdocs\coba\public\index.php(37): CodeIgniter\CodeIgniter->run()
#11 {main}
