ERROR - 2021-11-28 05:40:16 --> Unknown column 'created_at' in 'field list'
CRITICAL - 2021-11-28 05:40:16 --> Unknown column 'created_at' in 'field list'
#0 D:\xampp\htdocs\coba\vendor\codeigniter4\framework\system\Database\MySQLi\Connection.php(292): mysqli->query('INSERT INTO `la...', 0)
#1 D:\xampp\htdocs\coba\vendor\codeigniter4\framework\system\Database\BaseConnection.php(670): CodeIgniter\Database\MySQLi\Connection->execute('INSERT INTO `la...')
#2 D:\xampp\htdocs\coba\vendor\codeigniter4\framework\system\Database\BaseConnection.php(598): CodeIgniter\Database\BaseConnection->simpleQuery('INSERT INTO `la...')
#3 D:\xampp\htdocs\coba\vendor\codeigniter4\framework\system\Database\BaseBuilder.php(1759): CodeIgniter\Database\BaseConnection->query('INSERT INTO `la...', Array, false)
#4 D:\xampp\htdocs\coba\vendor\codeigniter4\framework\system\Model.php(239): CodeIgniter\Database\BaseBuilder->insert()
#5 D:\xampp\htdocs\coba\vendor\codeigniter4\framework\system\BaseModel.php(738): CodeIgniter\Model->doInsert(Array)
#6 D:\xampp\htdocs\coba\vendor\codeigniter4\framework\system\Model.php(620): CodeIgniter\BaseModel->insert(Array, false)
#7 D:\xampp\htdocs\coba\vendor\codeigniter4\framework\system\BaseModel.php(658): CodeIgniter\Model->insert(Array, false)
#8 D:\xampp\htdocs\coba\app\Controllers\Lapor.php(105): CodeIgniter\BaseModel->save(Array)
#9 D:\xampp\htdocs\coba\vendor\codeigniter4\framework\system\CodeIgniter.php(824): App\Controllers\Lapor->save()
#10 D:\xampp\htdocs\coba\vendor\codeigniter4\framework\system\CodeIgniter.php(410): CodeIgniter\CodeIgniter->runController(Object(App\Controllers\Lapor))
#11 D:\xampp\htdocs\coba\vendor\codeigniter4\framework\system\CodeIgniter.php(318): CodeIgniter\CodeIgniter->handleRequest(NULL, Object(Config\Cache), false)
#12 D:\xampp\htdocs\coba\public\index.php(37): CodeIgniter\CodeIgniter->run()
#13 D:\xampp\htdocs\coba\vendor\codeigniter4\framework\system\Commands\Server\rewrite.php(43): require_once('D:\\xampp\\htdocs...')
#14 {main}
ERROR - 2021-11-28 05:44:03 --> Unknown column 'created_at' in 'field list'
CRITICAL - 2021-11-28 05:44:03 --> Unknown column 'created_at' in 'field list'
#0 D:\xampp\htdocs\coba\vendor\codeigniter4\framework\system\Database\MySQLi\Connection.php(292): mysqli->query('INSERT INTO `la...', 0)
#1 D:\xampp\htdocs\coba\vendor\codeigniter4\framework\system\Database\BaseConnection.php(670): CodeIgniter\Database\MySQLi\Connection->execute('INSERT INTO `la...')
#2 D:\xampp\htdocs\coba\vendor\codeigniter4\framework\system\Database\BaseConnection.php(598): CodeIgniter\Database\BaseConnection->simpleQuery('INSERT INTO `la...')
#3 D:\xampp\htdocs\coba\vendor\codeigniter4\framework\system\Database\BaseBuilder.php(1759): CodeIgniter\Database\BaseConnection->query('INSERT INTO `la...', Array, false)
#4 D:\xampp\htdocs\coba\vendor\codeigniter4\framework\system\Model.php(239): CodeIgniter\Database\BaseBuilder->insert()
#5 D:\xampp\htdocs\coba\vendor\codeigniter4\framework\system\BaseModel.php(738): CodeIgniter\Model->doInsert(Array)
#6 D:\xampp\htdocs\coba\vendor\codeigniter4\framework\system\Model.php(620): CodeIgniter\BaseModel->insert(Array, false)
#7 D:\xampp\htdocs\coba\vendor\codeigniter4\framework\system\BaseModel.php(658): CodeIgniter\Model->insert(Array, false)
#8 D:\xampp\htdocs\coba\app\Controllers\Lapor.php(105): CodeIgniter\BaseModel->save(Array)
#9 D:\xampp\htdocs\coba\vendor\codeigniter4\framework\system\CodeIgniter.php(824): App\Controllers\Lapor->save()
#10 D:\xampp\htdocs\coba\vendor\codeigniter4\framework\system\CodeIgniter.php(410): CodeIgniter\CodeIgniter->runController(Object(App\Controllers\Lapor))
#11 D:\xampp\htdocs\coba\vendor\codeigniter4\framework\system\CodeIgniter.php(318): CodeIgniter\CodeIgniter->handleRequest(NULL, Object(Config\Cache), false)
#12 D:\xampp\htdocs\coba\public\index.php(37): CodeIgniter\CodeIgniter->run()
#13 D:\xampp\htdocs\coba\vendor\codeigniter4\framework\system\Commands\Server\rewrite.php(43): require_once('D:\\xampp\\htdocs...')
#14 {main}
ERROR - 2021-11-28 05:44:28 --> Unknown column 'created_at' in 'field list'
CRITICAL - 2021-11-28 05:44:28 --> Unknown column 'created_at' in 'field list'
#0 D:\xampp\htdocs\coba\vendor\codeigniter4\framework\system\Database\MySQLi\Connection.php(292): mysqli->query('INSERT INTO `la...', 0)
#1 D:\xampp\htdocs\coba\vendor\codeigniter4\framework\system\Database\BaseConnection.php(670): CodeIgniter\Database\MySQLi\Connection->execute('INSERT INTO `la...')
#2 D:\xampp\htdocs\coba\vendor\codeigniter4\framework\system\Database\BaseConnection.php(598): CodeIgniter\Database\BaseConnection->simpleQuery('INSERT INTO `la...')
#3 D:\xampp\htdocs\coba\vendor\codeigniter4\framework\system\Database\BaseBuilder.php(1759): CodeIgniter\Database\BaseConnection->query('INSERT INTO `la...', Array, false)
#4 D:\xampp\htdocs\coba\vendor\codeigniter4\framework\system\Model.php(239): CodeIgniter\Database\BaseBuilder->insert()
#5 D:\xampp\htdocs\coba\vendor\codeigniter4\framework\system\BaseModel.php(738): CodeIgniter\Model->doInsert(Array)
#6 D:\xampp\htdocs\coba\vendor\codeigniter4\framework\system\Model.php(620): CodeIgniter\BaseModel->insert(Array, false)
#7 D:\xampp\htdocs\coba\vendor\codeigniter4\framework\system\BaseModel.php(658): CodeIgniter\Model->insert(Array, false)
#8 D:\xampp\htdocs\coba\app\Controllers\Lapor.php(105): CodeIgniter\BaseModel->save(Array)
#9 D:\xampp\htdocs\coba\vendor\codeigniter4\framework\system\CodeIgniter.php(824): App\Controllers\Lapor->save()
#10 D:\xampp\htdocs\coba\vendor\codeigniter4\framework\system\CodeIgniter.php(410): CodeIgniter\CodeIgniter->runController(Object(App\Controllers\Lapor))
#11 D:\xampp\htdocs\coba\vendor\codeigniter4\framework\system\CodeIgniter.php(318): CodeIgniter\CodeIgniter->handleRequest(NULL, Object(Config\Cache), false)
#12 D:\xampp\htdocs\coba\public\index.php(37): CodeIgniter\CodeIgniter->run()
#13 D:\xampp\htdocs\coba\vendor\codeigniter4\framework\system\Commands\Server\rewrite.php(43): require_once('D:\\xampp\\htdocs...')
#14 {main}
ERROR - 2021-11-28 05:45:17 --> Unknown column 'updated_at' in 'field list'
CRITICAL - 2021-11-28 05:45:17 --> Unknown column 'updated_at' in 'field list'
#0 D:\xampp\htdocs\coba\vendor\codeigniter4\framework\system\Database\MySQLi\Connection.php(292): mysqli->query('INSERT INTO `la...', 0)
#1 D:\xampp\htdocs\coba\vendor\codeigniter4\framework\system\Database\BaseConnection.php(670): CodeIgniter\Database\MySQLi\Connection->execute('INSERT INTO `la...')
#2 D:\xampp\htdocs\coba\vendor\codeigniter4\framework\system\Database\BaseConnection.php(598): CodeIgniter\Database\BaseConnection->simpleQuery('INSERT INTO `la...')
#3 D:\xampp\htdocs\coba\vendor\codeigniter4\framework\system\Database\BaseBuilder.php(1759): CodeIgniter\Database\BaseConnection->query('INSERT INTO `la...', Array, false)
#4 D:\xampp\htdocs\coba\vendor\codeigniter4\framework\system\Model.php(239): CodeIgniter\Database\BaseBuilder->insert()
#5 D:\xampp\htdocs\coba\vendor\codeigniter4\framework\system\BaseModel.php(738): CodeIgniter\Model->doInsert(Array)
#6 D:\xampp\htdocs\coba\vendor\codeigniter4\framework\system\Model.php(620): CodeIgniter\BaseModel->insert(Array, false)
#7 D:\xampp\htdocs\coba\vendor\codeigniter4\framework\system\BaseModel.php(658): CodeIgniter\Model->insert(Array, false)
#8 D:\xampp\htdocs\coba\app\Controllers\Lapor.php(105): CodeIgniter\BaseModel->save(Array)
#9 D:\xampp\htdocs\coba\vendor\codeigniter4\framework\system\CodeIgniter.php(824): App\Controllers\Lapor->save()
#10 D:\xampp\htdocs\coba\vendor\codeigniter4\framework\system\CodeIgniter.php(410): CodeIgniter\CodeIgniter->runController(Object(App\Controllers\Lapor))
#11 D:\xampp\htdocs\coba\vendor\codeigniter4\framework\system\CodeIgniter.php(318): CodeIgniter\CodeIgniter->handleRequest(NULL, Object(Config\Cache), false)
#12 D:\xampp\htdocs\coba\public\index.php(37): CodeIgniter\CodeIgniter->run()
#13 D:\xampp\htdocs\coba\vendor\codeigniter4\framework\system\Commands\Server\rewrite.php(43): require_once('D:\\xampp\\htdocs...')
#14 {main}
ERROR - 2021-11-28 05:45:49 --> Column 'isi_laporan' cannot be null
CRITICAL - 2021-11-28 05:45:49 --> Column 'isi_laporan' cannot be null
#0 D:\xampp\htdocs\coba\vendor\codeigniter4\framework\system\Database\MySQLi\Connection.php(292): mysqli->query('INSERT INTO `la...', 0)
#1 D:\xampp\htdocs\coba\vendor\codeigniter4\framework\system\Database\BaseConnection.php(670): CodeIgniter\Database\MySQLi\Connection->execute('INSERT INTO `la...')
#2 D:\xampp\htdocs\coba\vendor\codeigniter4\framework\system\Database\BaseConnection.php(598): CodeIgniter\Database\BaseConnection->simpleQuery('INSERT INTO `la...')
#3 D:\xampp\htdocs\coba\vendor\codeigniter4\framework\system\Database\BaseBuilder.php(1759): CodeIgniter\Database\BaseConnection->query('INSERT INTO `la...', Array, false)
#4 D:\xampp\htdocs\coba\vendor\codeigniter4\framework\system\Model.php(239): CodeIgniter\Database\BaseBuilder->insert()
#5 D:\xampp\htdocs\coba\vendor\codeigniter4\framework\system\BaseModel.php(738): CodeIgniter\Model->doInsert(Array)
#6 D:\xampp\htdocs\coba\vendor\codeigniter4\framework\system\Model.php(620): CodeIgniter\BaseModel->insert(Array, false)
#7 D:\xampp\htdocs\coba\vendor\codeigniter4\framework\system\BaseModel.php(658): CodeIgniter\Model->insert(Array, false)
#8 D:\xampp\htdocs\coba\app\Controllers\Lapor.php(105): CodeIgniter\BaseModel->save(Array)
#9 D:\xampp\htdocs\coba\vendor\codeigniter4\framework\system\CodeIgniter.php(824): App\Controllers\Lapor->save()
#10 D:\xampp\htdocs\coba\vendor\codeigniter4\framework\system\CodeIgniter.php(410): CodeIgniter\CodeIgniter->runController(Object(App\Controllers\Lapor))
#11 D:\xampp\htdocs\coba\vendor\codeigniter4\framework\system\CodeIgniter.php(318): CodeIgniter\CodeIgniter->handleRequest(NULL, Object(Config\Cache), false)
#12 D:\xampp\htdocs\coba\public\index.php(37): CodeIgniter\CodeIgniter->run()
#13 D:\xampp\htdocs\coba\vendor\codeigniter4\framework\system\Commands\Server\rewrite.php(43): require_once('D:\\xampp\\htdocs...')
#14 {main}
ERROR - 2021-11-28 05:46:13 --> Column 'isi_laporan' cannot be null
CRITICAL - 2021-11-28 05:46:13 --> Column 'isi_laporan' cannot be null
#0 D:\xampp\htdocs\coba\vendor\codeigniter4\framework\system\Database\MySQLi\Connection.php(292): mysqli->query('INSERT INTO `la...', 0)
#1 D:\xampp\htdocs\coba\vendor\codeigniter4\framework\system\Database\BaseConnection.php(670): CodeIgniter\Database\MySQLi\Connection->execute('INSERT INTO `la...')
#2 D:\xampp\htdocs\coba\vendor\codeigniter4\framework\system\Database\BaseConnection.php(598): CodeIgniter\Database\BaseConnection->simpleQuery('INSERT INTO `la...')
#3 D:\xampp\htdocs\coba\vendor\codeigniter4\framework\system\Database\BaseBuilder.php(1759): CodeIgniter\Database\BaseConnection->query('INSERT INTO `la...', Array, false)
#4 D:\xampp\htdocs\coba\vendor\codeigniter4\framework\system\Model.php(239): CodeIgniter\Database\BaseBuilder->insert()
#5 D:\xampp\htdocs\coba\vendor\codeigniter4\framework\system\BaseModel.php(738): CodeIgniter\Model->doInsert(Array)
#6 D:\xampp\htdocs\coba\vendor\codeigniter4\framework\system\Model.php(620): CodeIgniter\BaseModel->insert(Array, false)
#7 D:\xampp\htdocs\coba\vendor\codeigniter4\framework\system\BaseModel.php(658): CodeIgniter\Model->insert(Array, false)
#8 D:\xampp\htdocs\coba\app\Controllers\Lapor.php(105): CodeIgniter\BaseModel->save(Array)
#9 D:\xampp\htdocs\coba\vendor\codeigniter4\framework\system\CodeIgniter.php(824): App\Controllers\Lapor->save()
#10 D:\xampp\htdocs\coba\vendor\codeigniter4\framework\system\CodeIgniter.php(410): CodeIgniter\CodeIgniter->runController(Object(App\Controllers\Lapor))
#11 D:\xampp\htdocs\coba\vendor\codeigniter4\framework\system\CodeIgniter.php(318): CodeIgniter\CodeIgniter->handleRequest(NULL, Object(Config\Cache), false)
#12 D:\xampp\htdocs\coba\public\index.php(37): CodeIgniter\CodeIgniter->run()
#13 D:\xampp\htdocs\coba\vendor\codeigniter4\framework\system\Commands\Server\rewrite.php(43): require_once('D:\\xampp\\htdocs...')
#14 {main}
ERROR - 2021-11-28 05:47:11 --> Column 'isi_laporan' cannot be null
CRITICAL - 2021-11-28 05:47:11 --> Column 'isi_laporan' cannot be null
#0 D:\xampp\htdocs\coba\vendor\codeigniter4\framework\system\Database\MySQLi\Connection.php(292): mysqli->query('INSERT INTO `la...', 0)
#1 D:\xampp\htdocs\coba\vendor\codeigniter4\framework\system\Database\BaseConnection.php(670): CodeIgniter\Database\MySQLi\Connection->execute('INSERT INTO `la...')
#2 D:\xampp\htdocs\coba\vendor\codeigniter4\framework\system\Database\BaseConnection.php(598): CodeIgniter\Database\BaseConnection->simpleQuery('INSERT INTO `la...')
#3 D:\xampp\htdocs\coba\vendor\codeigniter4\framework\system\Database\BaseBuilder.php(1759): CodeIgniter\Database\BaseConnection->query('INSERT INTO `la...', Array, false)
#4 D:\xampp\htdocs\coba\vendor\codeigniter4\framework\system\Model.php(239): CodeIgniter\Database\BaseBuilder->insert()
#5 D:\xampp\htdocs\coba\vendor\codeigniter4\framework\system\BaseModel.php(738): CodeIgniter\Model->doInsert(Array)
#6 D:\xampp\htdocs\coba\vendor\codeigniter4\framework\system\Model.php(620): CodeIgniter\BaseModel->insert(Array, false)
#7 D:\xampp\htdocs\coba\vendor\codeigniter4\framework\system\BaseModel.php(658): CodeIgniter\Model->insert(Array, false)
#8 D:\xampp\htdocs\coba\app\Controllers\Lapor.php(105): CodeIgniter\BaseModel->save(Array)
#9 D:\xampp\htdocs\coba\vendor\codeigniter4\framework\system\CodeIgniter.php(824): App\Controllers\Lapor->save()
#10 D:\xampp\htdocs\coba\vendor\codeigniter4\framework\system\CodeIgniter.php(410): CodeIgniter\CodeIgniter->runController(Object(App\Controllers\Lapor))
#11 D:\xampp\htdocs\coba\vendor\codeigniter4\framework\system\CodeIgniter.php(318): CodeIgniter\CodeIgniter->handleRequest(NULL, Object(Config\Cache), false)
#12 D:\xampp\htdocs\coba\public\index.php(37): CodeIgniter\CodeIgniter->run()
#13 D:\xampp\htdocs\coba\vendor\codeigniter4\framework\system\Commands\Server\rewrite.php(43): require_once('D:\\xampp\\htdocs...')
#14 {main}
ERROR - 2021-11-28 05:53:10 --> Column 'isi_laporan' cannot be null
CRITICAL - 2021-11-28 05:53:10 --> Column 'isi_laporan' cannot be null
#0 D:\xampp\htdocs\coba\vendor\codeigniter4\framework\system\Database\MySQLi\Connection.php(292): mysqli->query('INSERT INTO `la...', 0)
#1 D:\xampp\htdocs\coba\vendor\codeigniter4\framework\system\Database\BaseConnection.php(670): CodeIgniter\Database\MySQLi\Connection->execute('INSERT INTO `la...')
#2 D:\xampp\htdocs\coba\vendor\codeigniter4\framework\system\Database\BaseConnection.php(598): CodeIgniter\Database\BaseConnection->simpleQuery('INSERT INTO `la...')
#3 D:\xampp\htdocs\coba\vendor\codeigniter4\framework\system\Database\BaseBuilder.php(1759): CodeIgniter\Database\BaseConnection->query('INSERT INTO `la...', Array, false)
#4 D:\xampp\htdocs\coba\vendor\codeigniter4\framework\system\Model.php(239): CodeIgniter\Database\BaseBuilder->insert()
#5 D:\xampp\htdocs\coba\vendor\codeigniter4\framework\system\BaseModel.php(738): CodeIgniter\Model->doInsert(Array)
#6 D:\xampp\htdocs\coba\vendor\codeigniter4\framework\system\Model.php(620): CodeIgniter\BaseModel->insert(Array, false)
#7 D:\xampp\htdocs\coba\vendor\codeigniter4\framework\system\BaseModel.php(658): CodeIgniter\Model->insert(Array, false)
#8 D:\xampp\htdocs\coba\app\Controllers\Lapor.php(105): CodeIgniter\BaseModel->save(Array)
#9 D:\xampp\htdocs\coba\vendor\codeigniter4\framework\system\CodeIgniter.php(824): App\Controllers\Lapor->save()
#10 D:\xampp\htdocs\coba\vendor\codeigniter4\framework\system\CodeIgniter.php(410): CodeIgniter\CodeIgniter->runController(Object(App\Controllers\Lapor))
#11 D:\xampp\htdocs\coba\vendor\codeigniter4\framework\system\CodeIgniter.php(318): CodeIgniter\CodeIgniter->handleRequest(NULL, Object(Config\Cache), false)
#12 D:\xampp\htdocs\coba\public\index.php(37): CodeIgniter\CodeIgniter->run()
#13 D:\xampp\htdocs\coba\vendor\codeigniter4\framework\system\Commands\Server\rewrite.php(43): require_once('D:\\xampp\\htdocs...')
#14 {main}
ERROR - 2021-11-28 05:56:48 --> Column 'isi_laporan' cannot be null
CRITICAL - 2021-11-28 05:56:48 --> Column 'isi_laporan' cannot be null
#0 D:\xampp\htdocs\coba\vendor\codeigniter4\framework\system\Database\MySQLi\Connection.php(292): mysqli->query('INSERT INTO `la...', 0)
#1 D:\xampp\htdocs\coba\vendor\codeigniter4\framework\system\Database\BaseConnection.php(670): CodeIgniter\Database\MySQLi\Connection->execute('INSERT INTO `la...')
#2 D:\xampp\htdocs\coba\vendor\codeigniter4\framework\system\Database\BaseConnection.php(598): CodeIgniter\Database\BaseConnection->simpleQuery('INSERT INTO `la...')
#3 D:\xampp\htdocs\coba\vendor\codeigniter4\framework\system\Database\BaseBuilder.php(1759): CodeIgniter\Database\BaseConnection->query('INSERT INTO `la...', Array, false)
#4 D:\xampp\htdocs\coba\vendor\codeigniter4\framework\system\Model.php(239): CodeIgniter\Database\BaseBuilder->insert()
#5 D:\xampp\htdocs\coba\vendor\codeigniter4\framework\system\BaseModel.php(738): CodeIgniter\Model->doInsert(Array)
#6 D:\xampp\htdocs\coba\vendor\codeigniter4\framework\system\Model.php(620): CodeIgniter\BaseModel->insert(Array, false)
#7 D:\xampp\htdocs\coba\vendor\codeigniter4\framework\system\BaseModel.php(658): CodeIgniter\Model->insert(Array, false)
#8 D:\xampp\htdocs\coba\app\Controllers\Lapor.php(105): CodeIgniter\BaseModel->save(Array)
#9 D:\xampp\htdocs\coba\vendor\codeigniter4\framework\system\CodeIgniter.php(824): App\Controllers\Lapor->save()
#10 D:\xampp\htdocs\coba\vendor\codeigniter4\framework\system\CodeIgniter.php(410): CodeIgniter\CodeIgniter->runController(Object(App\Controllers\Lapor))
#11 D:\xampp\htdocs\coba\vendor\codeigniter4\framework\system\CodeIgniter.php(318): CodeIgniter\CodeIgniter->handleRequest(NULL, Object(Config\Cache), false)
#12 D:\xampp\htdocs\coba\public\index.php(37): CodeIgniter\CodeIgniter->run()
#13 D:\xampp\htdocs\coba\vendor\codeigniter4\framework\system\Commands\Server\rewrite.php(43): require_once('D:\\xampp\\htdocs...')
#14 {main}
ERROR - 2021-11-28 05:56:57 --> Column 'isi_laporan' cannot be null
CRITICAL - 2021-11-28 05:56:57 --> Column 'isi_laporan' cannot be null
#0 D:\xampp\htdocs\coba\vendor\codeigniter4\framework\system\Database\MySQLi\Connection.php(292): mysqli->query('INSERT INTO `la...', 0)
#1 D:\xampp\htdocs\coba\vendor\codeigniter4\framework\system\Database\BaseConnection.php(670): CodeIgniter\Database\MySQLi\Connection->execute('INSERT INTO `la...')
#2 D:\xampp\htdocs\coba\vendor\codeigniter4\framework\system\Database\BaseConnection.php(598): CodeIgniter\Database\BaseConnection->simpleQuery('INSERT INTO `la...')
#3 D:\xampp\htdocs\coba\vendor\codeigniter4\framework\system\Database\BaseBuilder.php(1759): CodeIgniter\Database\BaseConnection->query('INSERT INTO `la...', Array, false)
#4 D:\xampp\htdocs\coba\vendor\codeigniter4\framework\system\Model.php(239): CodeIgniter\Database\BaseBuilder->insert()
#5 D:\xampp\htdocs\coba\vendor\codeigniter4\framework\system\BaseModel.php(738): CodeIgniter\Model->doInsert(Array)
#6 D:\xampp\htdocs\coba\vendor\codeigniter4\framework\system\Model.php(620): CodeIgniter\BaseModel->insert(Array, false)
#7 D:\xampp\htdocs\coba\vendor\codeigniter4\framework\system\BaseModel.php(658): CodeIgniter\Model->insert(Array, false)
#8 D:\xampp\htdocs\coba\app\Controllers\Lapor.php(105): CodeIgniter\BaseModel->save(Array)
#9 D:\xampp\htdocs\coba\vendor\codeigniter4\framework\system\CodeIgniter.php(824): App\Controllers\Lapor->save()
#10 D:\xampp\htdocs\coba\vendor\codeigniter4\framework\system\CodeIgniter.php(410): CodeIgniter\CodeIgniter->runController(Object(App\Controllers\Lapor))
#11 D:\xampp\htdocs\coba\vendor\codeigniter4\framework\system\CodeIgniter.php(318): CodeIgniter\CodeIgniter->handleRequest(NULL, Object(Config\Cache), false)
#12 D:\xampp\htdocs\coba\public\index.php(37): CodeIgniter\CodeIgniter->run()
#13 D:\xampp\htdocs\coba\vendor\codeigniter4\framework\system\Commands\Server\rewrite.php(43): require_once('D:\\xampp\\htdocs...')
#14 {main}
