[2021-12-25 11:15:40] local.ERROR: Class "Fideloper\Proxy\TrustedProxyServiceProvider" not found {"exception":"[object] (Error(code: 0): Class \"Fideloper\\Proxy\\TrustedProxyServiceProvider\" not found at C:\\Users\\ASUS\\tubes\\vendor\\laravel\\framework\\src\\Illuminate\\Foundation\\Application.php:745)
[stacktrace]
#0 C:\\Users\\ASUS\\tubes\\vendor\\laravel\\framework\\src\\Illuminate\\Foundation\\Application.php(679): Illuminate\\Foundation\\Application->resolveProvider('Fideloper\\\\Proxy...')
#1 C:\\Users\\ASUS\\tubes\\vendor\\laravel\\framework\\src\\Illuminate\\Foundation\\ProviderRepository.php(75): Illuminate\\Foundation\\Application->register('Fideloper\\\\Proxy...')
#2 C:\\Users\\ASUS\\tubes\\vendor\\laravel\\framework\\src\\Illuminate\\Foundation\\Application.php(659): Illuminate\\Foundation\\ProviderRepository->load(Array)
#3 C:\\Users\\ASUS\\tubes\\vendor\\laravel\\framework\\src\\Illuminate\\Foundation\\Bootstrap\\RegisterProviders.php(17): Illuminate\\Foundation\\Application->registerConfiguredProviders()
#4 C:\\Users\\ASUS\\tubes\\vendor\\laravel\\framework\\src\\Illuminate\\Foundation\\Application.php(237): Illuminate\\Foundation\\Bootstrap\\RegisterProviders->bootstrap(Object(Illuminate\\Foundation\\Application))
#5 C:\\Users\\ASUS\\tubes\\vendor\\laravel\\framework\\src\\Illuminate\\Foundation\\Http\\Kernel.php(153): Illuminate\\Foundation\\Application->bootstrapWith(Array)
#6 C:\\Users\\ASUS\\tubes\\vendor\\laravel\\framework\\src\\Illuminate\\Foundation\\Http\\Kernel.php(137): Illuminate\\Foundation\\Http\\Kernel->bootstrap()
#7 C:\\Users\\ASUS\\tubes\\vendor\\laravel\\framework\\src\\Illuminate\\Foundation\\Http\\Kernel.php(111): Illuminate\\Foundation\\Http\\Kernel->sendRequestThroughRouter(Object(Illuminate\\Http\\Request))
#8 C:\\Users\\ASUS\\tubes\\public\\index.php(55): Illuminate\\Foundation\\Http\\Kernel->handle(Object(Illuminate\\Http\\Request))
#9 C:\\Users\\ASUS\\tubes\\server.php(21): require_once('C:\\\\Users\\\\ASUS\\\\t...')
#10 {main}
"} 
[2021-12-25 11:15:40] local.ERROR: Class "Fideloper\Proxy\TrustProxies" not found {"exception":"[object] (Error(code: 0): Class \"Fideloper\\Proxy\\TrustProxies\" not found at C:\\Users\\ASUS\\tubes\\app\\Http\\Middleware\\TrustProxies.php:8)
[stacktrace]
#0 C:\\Users\\ASUS\\tubes\\vendor\\composer\\ClassLoader.php(571): include()
#1 C:\\Users\\ASUS\\tubes\\vendor\\composer\\ClassLoader.php(428): Composer\\Autoload\\includeFile('C:\\\\Users\\\\ASUS\\\\t...')
#2 [internal function]: Composer\\Autoload\\ClassLoader->loadClass('App\\\\Http\\\\Middle...')
#3 C:\\Users\\ASUS\\tubes\\vendor\\laravel\\framework\\src\\Illuminate\\Container\\Container.php(877): ReflectionClass->__construct('App\\\\Http\\\\Middle...')
#4 C:\\Users\\ASUS\\tubes\\vendor\\laravel\\framework\\src\\Illuminate\\Container\\Container.php(758): Illuminate\\Container\\Container->build('App\\\\Http\\\\Middle...')
#5 C:\\Users\\ASUS\\tubes\\vendor\\laravel\\framework\\src\\Illuminate\\Foundation\\Application.php(851): Illuminate\\Container\\Container->resolve('App\\\\Http\\\\Middle...', Array, true)
#6 C:\\Users\\ASUS\\tubes\\vendor\\laravel\\framework\\src\\Illuminate\\Container\\Container.php(694): Illuminate\\Foundation\\Application->resolve('App\\\\Http\\\\Middle...', Array)
#7 C:\\Users\\ASUS\\tubes\\vendor\\laravel\\framework\\src\\Illuminate\\Foundation\\Application.php(836): Illuminate\\Container\\Container->make('App\\\\Http\\\\Middle...', Array)
#8 C:\\Users\\ASUS\\tubes\\vendor\\laravel\\framework\\src\\Illuminate\\Foundation\\Http\\Kernel.php(206): Illuminate\\Foundation\\Application->make('App\\\\Http\\\\Middle...')
#9 C:\\Users\\ASUS\\tubes\\vendor\\laravel\\framework\\src\\Illuminate\\Foundation\\Http\\Kernel.php(180): Illuminate\\Foundation\\Http\\Kernel->terminateMiddleware(Object(Illuminate\\Http\\Request), Object(Illuminate\\Http\\Response))
#10 C:\\Users\\ASUS\\tubes\\public\\index.php(60): Illuminate\\Foundation\\Http\\Kernel->terminate(Object(Illuminate\\Http\\Request), Object(Illuminate\\Http\\Response))
#11 C:\\Users\\ASUS\\tubes\\server.php(21): require_once('C:\\\\Users\\\\ASUS\\\\t...')
#12 {main}
"} 
